<?xml version="1.0" encoding="UTF-8"?>
<!-- Generated by org.testng.reporters.JUnitReportReporter -->
<testsuite hostname="siddhartha-rapid" failures="0" tests="1" name="testCases.TC001_AccountRegistrationTest" time="0.615" errors="0" timestamp="2025-01-09T18:01:33 IST" skipped="0">
  <testcase classname="testCases.TC001_AccountRegistrationTest" name="verify_account_registration" time="0.615"/>
</testsuite> <!-- testCases.TC001_AccountRegistrationTest -->
