<?xml version="1.0" encoding="UTF-8"?>
<!-- Generated by org.testng.reporters.JUnitReportReporter -->
<testsuite hostname="siddhartha-rapid" failures="0" tests="1" name="testCases.TC002_Login" time="0.893" errors="0" timestamp="2025-01-09T18:05:43 IST" skipped="0">
  <testcase classname="testCases.TC002_Login" name="verify_login" time="0.893"/>
</testsuite> <!-- testCases.TC002_Login -->
